<?xml version="1.0" encoding="UTF-8"?>
<coverage generated="1544619214016" clover="3.2.0">
  <project timestamp="1544619214016" name="All files">
    <metrics statements="127" coveredstatements="41" conditionals="22" coveredconditionals="15" methods="42" coveredmethods="15" elements="191" coveredelements="71" complexity="0" loc="127" ncloc="127" packages="3" files="10" classes="10">
      <package name="src">
        <metrics statements="71" coveredstatements="17" conditionals="4" coveredconditionals="3" methods="24" coveredmethods="7"/>
        <file name="App.js" path="/home/ritakosk/fso/bloglist-frontend/src/App.js">
          <metrics statements="61" coveredstatements="13" conditionals="4" coveredconditionals="3" methods="22" coveredmethods="7"/>
          <line num="12" count="2" type="stmt"/>
          <line num="13" count="2" type="stmt"/>
          <line num="27" count="2" type="stmt"/>
          <line num="28" count="2" type="stmt"/>
          <line num="31" count="2" type="stmt"/>
          <line num="32" count="2" type="cond" truecount="1" falsecount="1"/>
          <line num="33" count="0" type="stmt"/>
          <line num="34" count="0" type="stmt"/>
          <line num="35" count="0" type="stmt"/>
          <line num="40" count="0" type="stmt"/>
          <line num="44" count="0" type="stmt"/>
          <line num="45" count="0" type="stmt"/>
          <line num="46" count="0" type="stmt"/>
          <line num="47" count="0" type="stmt"/>
          <line num="53" count="0" type="stmt"/>
          <line num="54" count="0" type="stmt"/>
          <line num="55" count="0" type="stmt"/>
          <line num="56" count="0" type="stmt"/>
          <line num="57" count="0" type="stmt"/>
          <line num="60" count="0" type="stmt"/>
          <line num="63" count="0" type="stmt"/>
          <line num="64" count="0" type="stmt"/>
          <line num="70" count="0" type="stmt"/>
          <line num="71" count="0" type="stmt"/>
          <line num="72" count="0" type="stmt"/>
          <line num="73" count="0" type="stmt"/>
          <line num="74" count="0" type="stmt"/>
          <line num="77" count="0" type="stmt"/>
          <line num="78" count="0" type="stmt"/>
          <line num="81" count="0" type="stmt"/>
          <line num="84" count="0" type="stmt"/>
          <line num="85" count="0" type="stmt"/>
          <line num="91" count="0" type="stmt"/>
          <line num="92" count="0" type="stmt"/>
          <line num="100" count="0" type="stmt"/>
          <line num="101" count="0" type="stmt"/>
          <line num="102" count="0" type="stmt"/>
          <line num="105" count="0" type="stmt"/>
          <line num="108" count="0" type="stmt"/>
          <line num="109" count="0" type="stmt"/>
          <line num="115" count="0" type="stmt"/>
          <line num="116" count="0" type="stmt"/>
          <line num="117" count="0" type="stmt"/>
          <line num="121" count="0" type="stmt"/>
          <line num="122" count="0" type="stmt"/>
          <line num="123" count="0" type="stmt"/>
          <line num="125" count="0" type="stmt"/>
          <line num="126" count="0" type="stmt"/>
          <line num="127" count="0" type="stmt"/>
          <line num="130" count="0" type="stmt"/>
          <line num="133" count="0" type="stmt"/>
          <line num="134" count="0" type="stmt"/>
          <line num="140" count="0" type="stmt"/>
          <line num="141" count="0" type="stmt"/>
          <line num="148" count="4" type="stmt"/>
          <line num="150" count="4" type="cond" truecount="2" falsecount="0"/>
          <line num="151" count="3" type="stmt"/>
          <line num="181" count="1" type="stmt"/>
          <line num="189" count="1" type="stmt"/>
          <line num="199" count="5" type="stmt"/>
          <line num="200" count="4" type="stmt"/>
        </file>
        <file name="index.js" path="/home/ritakosk/fso/bloglist-frontend/src/index.js">
          <metrics statements="4" coveredstatements="0" conditionals="0" coveredconditionals="0" methods="0" coveredmethods="0"/>
          <line num="1" count="0" type="stmt"/>
          <line num="2" count="0" type="stmt"/>
          <line num="3" count="0" type="stmt"/>
          <line num="5" count="0" type="stmt"/>
        </file>
        <file name="setupTests.js" path="/home/ritakosk/fso/bloglist-frontend/src/setupTests.js">
          <metrics statements="6" coveredstatements="4" conditionals="0" coveredconditionals="0" methods="2" coveredmethods="0"/>
          <line num="4" count="3" type="stmt"/>
          <line num="6" count="3" type="stmt"/>
          <line num="8" count="3" type="stmt"/>
          <line num="10" count="0" type="stmt"/>
          <line num="12" count="0" type="stmt"/>
          <line num="16" count="3" type="stmt"/>
        </file>
      </package>
      <package name="src.components">
        <metrics statements="32" coveredstatements="22" conditionals="18" coveredconditionals="12" methods="11" coveredmethods="8"/>
        <file name="Blog.js" path="/home/ritakosk/fso/bloglist-frontend/src/components/Blog.js">
          <metrics statements="15" coveredstatements="8" conditionals="10" coveredconditionals="8" methods="5" coveredmethods="3"/>
          <line num="6" count="7" type="stmt"/>
          <line num="7" count="7" type="stmt"/>
          <line num="20" count="1" type="stmt"/>
          <line num="26" count="0" type="stmt"/>
          <line num="27" count="0" type="stmt"/>
          <line num="28" count="0" type="stmt"/>
          <line num="31" count="0" type="stmt"/>
          <line num="35" count="0" type="stmt"/>
          <line num="36" count="0" type="cond" truecount="0" falsecount="2"/>
          <line num="37" count="0" type="stmt"/>
          <line num="42" count="8" type="stmt"/>
          <line num="50" count="8" type="cond" truecount="2" falsecount="0"/>
          <line num="52" count="8" type="cond" truecount="2" falsecount="0"/>
          <line num="54" count="8" type="cond" truecount="4" falsecount="0"/>
          <line num="56" count="8" type="stmt"/>
        </file>
        <file name="BlogForm.js" path="/home/ritakosk/fso/bloglist-frontend/src/components/BlogForm.js">
          <metrics statements="3" coveredstatements="3" conditionals="0" coveredconditionals="0" methods="1" coveredmethods="1"/>
          <line num="4" count="1" type="stmt"/>
          <line num="5" count="1" type="stmt"/>
          <line num="43" count="1" type="stmt"/>
        </file>
        <file name="Notification.js" path="/home/ritakosk/fso/bloglist-frontend/src/components/Notification.js">
          <metrics statements="6" coveredstatements="4" conditionals="4" coveredconditionals="2" methods="1" coveredmethods="1"/>
          <line num="3" count="1" type="stmt"/>
          <line num="4" count="4" type="cond" truecount="1" falsecount="1"/>
          <line num="5" count="0" type="stmt"/>
          <line num="10" count="4" type="cond" truecount="1" falsecount="1"/>
          <line num="11" count="0" type="stmt"/>
          <line num="17" count="4" type="stmt"/>
        </file>
        <file name="SimpleBlog.js" path="/home/ritakosk/fso/bloglist-frontend/src/components/SimpleBlog.js">
          <metrics statements="2" coveredstatements="2" conditionals="0" coveredconditionals="0" methods="1" coveredmethods="1"/>
          <line num="3" count="1" type="stmt"/>
          <line num="4" count="2" type="stmt"/>
        </file>
        <file name="Togglable.js" path="/home/ritakosk/fso/bloglist-frontend/src/components/Togglable.js">
          <metrics statements="6" coveredstatements="5" conditionals="4" coveredconditionals="2" methods="3" coveredmethods="2"/>
          <line num="6" count="1" type="stmt"/>
          <line num="7" count="1" type="stmt"/>
          <line num="17" count="0" type="stmt"/>
          <line num="21" count="1" type="cond" truecount="1" falsecount="1"/>
          <line num="22" count="1" type="cond" truecount="1" falsecount="1"/>
          <line num="24" count="1" type="stmt"/>
        </file>
      </package>
      <package name="src.services">
        <metrics statements="24" coveredstatements="2" conditionals="0" coveredconditionals="0" methods="7" coveredmethods="0"/>
        <file name="blogs.js" path="/home/ritakosk/fso/bloglist-frontend/src/services/blogs.js">
          <metrics statements="20" coveredstatements="0" conditionals="0" coveredconditionals="0" methods="6" coveredmethods="0"/>
          <line num="1" count="0" type="stmt"/>
          <line num="2" count="0" type="stmt"/>
          <line num="4" count="0" type="stmt"/>
          <line num="6" count="0" type="stmt"/>
          <line num="7" count="0" type="stmt"/>
          <line num="8" count="0" type="stmt"/>
          <line num="11" count="0" type="stmt"/>
          <line num="12" count="0" type="stmt"/>
          <line num="15" count="0" type="stmt"/>
          <line num="16" count="0" type="stmt"/>
          <line num="20" count="0" type="stmt"/>
          <line num="21" count="0" type="stmt"/>
          <line num="24" count="0" type="stmt"/>
          <line num="25" count="0" type="stmt"/>
          <line num="29" count="0" type="stmt"/>
          <line num="30" count="0" type="stmt"/>
          <line num="33" count="0" type="stmt"/>
          <line num="34" count="0" type="stmt"/>
          <line num="38" count="0" type="stmt"/>
          <line num="39" count="0" type="stmt"/>
        </file>
        <file name="login.js" path="/home/ritakosk/fso/bloglist-frontend/src/services/login.js">
          <metrics statements="4" coveredstatements="2" conditionals="0" coveredconditionals="0" methods="1" coveredmethods="0"/>
          <line num="2" count="1" type="stmt"/>
          <line num="4" count="1" type="stmt"/>
          <line num="5" count="0" type="stmt"/>
          <line num="6" count="0" type="stmt"/>
        </file>
      </package>
    </metrics>
  </project>
</coverage>
