{"/home/ritakosk/fso/bloglist-frontend/src/App.js": {"path":"/home/ritakosk/fso/bloglist-frontend/src/App.js","statementMap":{"0":{"start":{"line":12,"column":4},"end":{"line":12,"column":16}},"1":{"start":{"line":13,"column":4},"end":{"line":23,"column":5}},"2":{"start":{"line":27,"column":4},"end":{"line":29,"column":5}},"3":{"start":{"line":28,"column":6},"end":{"line":28,"column":30}},"4":{"start":{"line":31,"column":29},"end":{"line":31,"column":76}},"5":{"start":{"line":32,"column":4},"end":{"line":36,"column":5}},"6":{"start":{"line":33,"column":19},"end":{"line":33,"column":47}},"7":{"start":{"line":34,"column":6},"end":{"line":34,"column":29}},"8":{"start":{"line":35,"column":6},"end":{"line":35,"column":38}},"9":{"start":{"line":40,"column":4},"end":{"line":40,"column":62}},"10":{"start":{"line":44,"column":4},"end":{"line":44,"column":26}},"11":{"start":{"line":45,"column":4},"end":{"line":45,"column":36}},"12":{"start":{"line":46,"column":4},"end":{"line":66,"column":5}},"13":{"start":{"line":47,"column":19},"end":{"line":51,"column":8}},"14":{"start":{"line":53,"column":6},"end":{"line":53,"column":86}},"15":{"start":{"line":54,"column":6},"end":{"line":54,"column":57}},"16":{"start":{"line":55,"column":6},"end":{"line":55,"column":55}},"17":{"start":{"line":56,"column":6},"end":{"line":58,"column":14}},"18":{"start":{"line":57,"column":8},"end":{"line":57,"column":40}},"19":{"start":{"line":60,"column":6},"end":{"line":62,"column":8}},"20":{"start":{"line":63,"column":6},"end":{"line":65,"column":14}},"21":{"start":{"line":64,"column":8},"end":{"line":64,"column":38}},"22":{"start":{"line":70,"column":4},"end":{"line":87,"column":5}},"23":{"start":{"line":71,"column":6},"end":{"line":71,"column":40}},"24":{"start":{"line":72,"column":6},"end":{"line":72,"column":62}},"25":{"start":{"line":73,"column":27},"end":{"line":73,"column":75}},"26":{"start":{"line":73,"column":56},"end":{"line":73,"column":74}},"27":{"start":{"line":74,"column":6},"end":{"line":76,"column":8}},"28":{"start":{"line":77,"column":6},"end":{"line":79,"column":14}},"29":{"start":{"line":78,"column":8},"end":{"line":78,"column":40}},"30":{"start":{"line":81,"column":6},"end":{"line":83,"column":8}},"31":{"start":{"line":84,"column":6},"end":{"line":86,"column":14}},"32":{"start":{"line":85,"column":8},"end":{"line":85,"column":38}},"33":{"start":{"line":91,"column":4},"end":{"line":111,"column":5}},"34":{"start":{"line":92,"column":24},"end":{"line":97,"column":18}},"35":{"start":{"line":100,"column":6},"end":{"line":100,"column":77}},"36":{"start":{"line":101,"column":6},"end":{"line":103,"column":14}},"37":{"start":{"line":102,"column":8},"end":{"line":102,"column":40}},"38":{"start":{"line":105,"column":6},"end":{"line":107,"column":8}},"39":{"start":{"line":108,"column":6},"end":{"line":110,"column":14}},"40":{"start":{"line":109,"column":8},"end":{"line":109,"column":38}},"41":{"start":{"line":115,"column":4},"end":{"line":115,"column":26}},"42":{"start":{"line":116,"column":4},"end":{"line":136,"column":5}},"43":{"start":{"line":117,"column":19},"end":{"line":120,"column":8}},"44":{"start":{"line":121,"column":6},"end":{"line":121,"column":39}},"45":{"start":{"line":122,"column":6},"end":{"line":122,"column":38}},"46":{"start":{"line":123,"column":6},"end":{"line":123,"column":75}},"47":{"start":{"line":125,"column":6},"end":{"line":125,"column":99}},"48":{"start":{"line":126,"column":6},"end":{"line":128,"column":14}},"49":{"start":{"line":127,"column":8},"end":{"line":127,"column":40}},"50":{"start":{"line":130,"column":6},"end":{"line":132,"column":8}},"51":{"start":{"line":133,"column":6},"end":{"line":135,"column":14}},"52":{"start":{"line":134,"column":8},"end":{"line":134,"column":38}},"53":{"start":{"line":140,"column":4},"end":{"line":140,"column":54}},"54":{"start":{"line":141,"column":4},"end":{"line":144,"column":6}},"55":{"start":{"line":148,"column":17},"end":{"line":148,"column":76}},"56":{"start":{"line":150,"column":4},"end":{"line":180,"column":5}},"57":{"start":{"line":151,"column":6},"end":{"line":179,"column":7}},"58":{"start":{"line":181,"column":4},"end":{"line":209,"column":5}},"59":{"start":{"line":189,"column":61},"end":{"line":189,"column":86}},"60":{"start":{"line":199,"column":41},"end":{"line":199,"column":58}},"61":{"start":{"line":200,"column":10},"end":{"line":206,"column":12}}},"fnMap":{"0":{"name":"(anonymous_0)","decl":{"start":{"line":11,"column":2},"end":{"line":11,"column":3}},"loc":{"start":{"line":11,"column":21},"end":{"line":24,"column":3}},"line":11},"1":{"name":"(anonymous_1)","decl":{"start":{"line":26,"column":2},"end":{"line":26,"column":3}},"loc":{"start":{"line":26,"column":22},"end":{"line":37,"column":3}},"line":26},"2":{"name":"(anonymous_2)","decl":{"start":{"line":27,"column":30},"end":{"line":27,"column":31}},"loc":{"start":{"line":28,"column":6},"end":{"line":28,"column":30}},"line":28},"3":{"name":"(anonymous_3)","decl":{"start":{"line":39,"column":26},"end":{"line":39,"column":27}},"loc":{"start":{"line":39,"column":37},"end":{"line":41,"column":3}},"line":39},"4":{"name":"(anonymous_4)","decl":{"start":{"line":43,"column":15},"end":{"line":43,"column":16}},"loc":{"start":{"line":43,"column":32},"end":{"line":67,"column":3}},"line":43},"5":{"name":"(anonymous_5)","decl":{"start":{"line":56,"column":17},"end":{"line":56,"column":18}},"loc":{"start":{"line":56,"column":23},"end":{"line":58,"column":7}},"line":56},"6":{"name":"(anonymous_6)","decl":{"start":{"line":63,"column":17},"end":{"line":63,"column":18}},"loc":{"start":{"line":63,"column":23},"end":{"line":65,"column":7}},"line":63},"7":{"name":"(anonymous_7)","decl":{"start":{"line":69,"column":15},"end":{"line":69,"column":16}},"loc":{"start":{"line":69,"column":31},"end":{"line":88,"column":3}},"line":69},"8":{"name":"(anonymous_8)","decl":{"start":{"line":73,"column":51},"end":{"line":73,"column":52}},"loc":{"start":{"line":73,"column":56},"end":{"line":73,"column":74}},"line":73},"9":{"name":"(anonymous_9)","decl":{"start":{"line":77,"column":17},"end":{"line":77,"column":18}},"loc":{"start":{"line":77,"column":23},"end":{"line":79,"column":7}},"line":77},"10":{"name":"(anonymous_10)","decl":{"start":{"line":84,"column":17},"end":{"line":84,"column":18}},"loc":{"start":{"line":84,"column":23},"end":{"line":86,"column":7}},"line":84},"11":{"name":"(anonymous_11)","decl":{"start":{"line":90,"column":12},"end":{"line":90,"column":13}},"loc":{"start":{"line":90,"column":28},"end":{"line":112,"column":3}},"line":90},"12":{"name":"(anonymous_12)","decl":{"start":{"line":101,"column":17},"end":{"line":101,"column":18}},"loc":{"start":{"line":101,"column":23},"end":{"line":103,"column":7}},"line":101},"13":{"name":"(anonymous_13)","decl":{"start":{"line":108,"column":17},"end":{"line":108,"column":18}},"loc":{"start":{"line":108,"column":23},"end":{"line":110,"column":7}},"line":108},"14":{"name":"(anonymous_14)","decl":{"start":{"line":114,"column":10},"end":{"line":114,"column":11}},"loc":{"start":{"line":114,"column":27},"end":{"line":137,"column":3}},"line":114},"15":{"name":"(anonymous_15)","decl":{"start":{"line":126,"column":17},"end":{"line":126,"column":18}},"loc":{"start":{"line":126,"column":23},"end":{"line":128,"column":7}},"line":126},"16":{"name":"(anonymous_16)","decl":{"start":{"line":133,"column":17},"end":{"line":133,"column":18}},"loc":{"start":{"line":133,"column":23},"end":{"line":135,"column":7}},"line":133},"17":{"name":"(anonymous_17)","decl":{"start":{"line":139,"column":11},"end":{"line":139,"column":12}},"loc":{"start":{"line":139,"column":17},"end":{"line":145,"column":3}},"line":139},"18":{"name":"(anonymous_18)","decl":{"start":{"line":147,"column":2},"end":{"line":147,"column":3}},"loc":{"start":{"line":147,"column":11},"end":{"line":210,"column":3}},"line":147},"19":{"name":"(anonymous_19)","decl":{"start":{"line":189,"column":48},"end":{"line":189,"column":49}},"loc":{"start":{"line":189,"column":61},"end":{"line":189,"column":86}},"line":189},"20":{"name":"(anonymous_20)","decl":{"start":{"line":199,"column":31},"end":{"line":199,"column":32}},"loc":{"start":{"line":199,"column":41},"end":{"line":199,"column":58}},"line":199},"21":{"name":"(anonymous_21)","decl":{"start":{"line":199,"column":64},"end":{"line":199,"column":65}},"loc":{"start":{"line":200,"column":10},"end":{"line":206,"column":12}},"line":200}},"branchMap":{"0":{"loc":{"start":{"line":32,"column":4},"end":{"line":36,"column":5}},"type":"if","locations":[{"start":{"line":32,"column":4},"end":{"line":36,"column":5}},{"start":{"line":32,"column":4},"end":{"line":36,"column":5}}],"line":32},"1":{"loc":{"start":{"line":150,"column":4},"end":{"line":180,"column":5}},"type":"if","locations":[{"start":{"line":150,"column":4},"end":{"line":180,"column":5}},{"start":{"line":150,"column":4},"end":{"line":180,"column":5}}],"line":150}},"s":{"0":2,"1":2,"2":2,"3":2,"4":2,"5":2,"6":0,"7":0,"8":0,"9":0,"10":0,"11":0,"12":0,"13":0,"14":0,"15":0,"16":0,"17":0,"18":0,"19":0,"20":0,"21":0,"22":0,"23":0,"24":0,"25":0,"26":0,"27":0,"28":0,"29":0,"30":0,"31":0,"32":0,"33":0,"34":0,"35":0,"36":0,"37":0,"38":0,"39":0,"40":0,"41":0,"42":0,"43":0,"44":0,"45":0,"46":0,"47":0,"48":0,"49":0,"50":0,"51":0,"52":0,"53":0,"54":0,"55":4,"56":4,"57":3,"58":1,"59":1,"60":5,"61":4},"f":{"0":2,"1":2,"2":2,"3":0,"4":0,"5":0,"6":0,"7":0,"8":0,"9":0,"10":0,"11":0,"12":0,"13":0,"14":0,"15":0,"16":0,"17":0,"18":4,"19":1,"20":5,"21":4},"b":{"0":[0,2],"1":[3,1]},"_coverageSchema":"332fd63041d2c1bcb487cc26dd0d5f7d97098a6c","hash":"4d58fb04c624d211fb9d3ac1b4b4e7dd3bff4aea"}
,"/home/ritakosk/fso/bloglist-frontend/src/index.js": {"path":"/home/ritakosk/fso/bloglist-frontend/src/index.js","statementMap":{"0":{"start":{"line":1,"column":0},"end":{"line":null,"column":-1}},"1":{"start":{"line":2,"column":0},"end":{"line":null,"column":-1}},"2":{"start":{"line":3,"column":0},"end":{"line":null,"column":-1}},"3":{"start":{"line":5,"column":0},"end":{"line":null,"column":-1}}},"fnMap":{},"branchMap":{},"s":{"0":0,"1":0,"2":0,"3":0},"f":{},"b":{}}
,"/home/ritakosk/fso/bloglist-frontend/src/setupTests.js": {"path":"/home/ritakosk/fso/bloglist-frontend/src/setupTests.js","statementMap":{"0":{"start":{"line":4,"column":0},"end":{"line":4,"column":37}},"1":{"start":{"line":6,"column":17},"end":{"line":6,"column":19}},"2":{"start":{"line":8,"column":25},"end":{"line":14,"column":1}},"3":{"start":{"line":10,"column":4},"end":{"line":10,"column":26}},"4":{"start":{"line":12,"column":20},"end":{"line":12,"column":35}},"5":{"start":{"line":16,"column":0},"end":{"line":16,"column":38}}},"fnMap":{"0":{"name":"(anonymous_0)","decl":{"start":{"line":9,"column":11},"end":{"line":9,"column":12}},"loc":{"start":{"line":9,"column":26},"end":{"line":11,"column":3}},"line":9},"1":{"name":"(anonymous_1)","decl":{"start":{"line":12,"column":11},"end":{"line":12,"column":12}},"loc":{"start":{"line":12,"column":20},"end":{"line":12,"column":35}},"line":12}},"branchMap":{},"s":{"0":3,"1":3,"2":3,"3":0,"4":0,"5":3},"f":{"0":0,"1":0},"b":{},"_coverageSchema":"332fd63041d2c1bcb487cc26dd0d5f7d97098a6c","hash":"60a7e89f2bf98293a6c80c48294668210b969af6"}
,"/home/ritakosk/fso/bloglist-frontend/src/components/Blog.js": {"path":"/home/ritakosk/fso/bloglist-frontend/src/components/Blog.js","statementMap":{"0":{"start":{"line":6,"column":4},"end":{"line":6,"column":16}},"1":{"start":{"line":7,"column":4},"end":{"line":10,"column":5}},"2":{"start":{"line":20,"column":4},"end":{"line":22,"column":6}},"3":{"start":{"line":26,"column":4},"end":{"line":26,"column":26}},"4":{"start":{"line":27,"column":4},"end":{"line":27,"column":53}},"5":{"start":{"line":28,"column":4},"end":{"line":30,"column":6}},"6":{"start":{"line":31,"column":4},"end":{"line":31,"column":39}},"7":{"start":{"line":35,"column":4},"end":{"line":35,"column":26}},"8":{"start":{"line":36,"column":4},"end":{"line":38,"column":5}},"9":{"start":{"line":37,"column":6},"end":{"line":37,"column":44}},"10":{"start":{"line":42,"column":22},"end":{"line":48,"column":5}},"11":{"start":{"line":50,"column":28},"end":{"line":50,"column":83}},"12":{"start":{"line":52,"column":21},"end":{"line":52,"column":80}},"13":{"start":{"line":54,"column":25},"end":{"line":54,"column":131}},"14":{"start":{"line":56,"column":4},"end":{"line":72,"column":5}}},"fnMap":{"0":{"name":"(anonymous_0)","decl":{"start":{"line":5,"column":2},"end":{"line":5,"column":3}},"loc":{"start":{"line":5,"column":21},"end":{"line":11,"column":3}},"line":5},"1":{"name":"(anonymous_1)","decl":{"start":{"line":19,"column":18},"end":{"line":19,"column":19}},"loc":{"start":{"line":19,"column":24},"end":{"line":23,"column":3}},"line":19},"2":{"name":"(anonymous_2)","decl":{"start":{"line":25,"column":20},"end":{"line":25,"column":21}},"loc":{"start":{"line":25,"column":31},"end":{"line":32,"column":3}},"line":25},"3":{"name":"(anonymous_3)","decl":{"start":{"line":34,"column":22},"end":{"line":34,"column":23}},"loc":{"start":{"line":34,"column":33},"end":{"line":39,"column":3}},"line":34},"4":{"name":"(anonymous_4)","decl":{"start":{"line":41,"column":2},"end":{"line":41,"column":3}},"loc":{"start":{"line":41,"column":11},"end":{"line":73,"column":3}},"line":41}},"branchMap":{"0":{"loc":{"start":{"line":36,"column":4},"end":{"line":38,"column":5}},"type":"if","locations":[{"start":{"line":36,"column":4},"end":{"line":38,"column":5}},{"start":{"line":36,"column":4},"end":{"line":38,"column":5}}],"line":36},"1":{"loc":{"start":{"line":50,"column":39},"end":{"line":50,"column":71}},"type":"cond-expr","locations":[{"start":{"line":50,"column":60},"end":{"line":50,"column":62}},{"start":{"line":50,"column":65},"end":{"line":50,"column":71}}],"line":50},"2":{"loc":{"start":{"line":52,"column":21},"end":{"line":52,"column":80}},"type":"cond-expr","locations":[{"start":{"line":52,"column":44},"end":{"line":52,"column":69}},{"start":{"line":52,"column":72},"end":{"line":52,"column":80}}],"line":52},"3":{"loc":{"start":{"line":54,"column":36},"end":{"line":54,"column":129}},"type":"cond-expr","locations":[{"start":{"line":54,"column":118},"end":{"line":54,"column":120}},{"start":{"line":54,"column":123},"end":{"line":54,"column":129}}],"line":54},"4":{"loc":{"start":{"line":54,"column":36},"end":{"line":54,"column":115}},"type":"binary-expr","locations":[{"start":{"line":54,"column":37},"end":{"line":54,"column":58}},{"start":{"line":54,"column":64},"end":{"line":54,"column":114}}],"line":54}},"s":{"0":7,"1":7,"2":1,"3":0,"4":0,"5":0,"6":0,"7":0,"8":0,"9":0,"10":8,"11":8,"12":8,"13":8,"14":8},"f":{"0":7,"1":1,"2":0,"3":0,"4":8},"b":{"0":[0,0],"1":[1,7],"2":[7,1],"3":[1,7],"4":[8,7]},"_coverageSchema":"332fd63041d2c1bcb487cc26dd0d5f7d97098a6c","hash":"975dbf66eba5668b47e853f5d244401c42064ace"}
,"/home/ritakosk/fso/bloglist-frontend/src/components/BlogForm.js": {"path":"/home/ritakosk/fso/bloglist-frontend/src/components/BlogForm.js","statementMap":{"0":{"start":{"line":4,"column":17},"end":{"line":41,"column":1}},"1":{"start":{"line":5,"column":2},"end":{"line":40,"column":3}},"2":{"start":{"line":43,"column":0},"end":{"line":49,"column":1}}},"fnMap":{"0":{"name":"(anonymous_0)","decl":{"start":{"line":4,"column":17},"end":{"line":4,"column":18}},"loc":{"start":{"line":4,"column":69},"end":{"line":41,"column":1}},"line":4}},"branchMap":{},"s":{"0":1,"1":1,"2":1},"f":{"0":1},"b":{},"_coverageSchema":"332fd63041d2c1bcb487cc26dd0d5f7d97098a6c","hash":"3879106fe93d60ecff9d86b209470c117c9abf05"}
,"/home/ritakosk/fso/bloglist-frontend/src/components/Notification.js": {"path":"/home/ritakosk/fso/bloglist-frontend/src/components/Notification.js","statementMap":{"0":{"start":{"line":3,"column":21},"end":{"line":18,"column":1}},"1":{"start":{"line":4,"column":2},"end":{"line":16,"column":3}},"2":{"start":{"line":5,"column":4},"end":{"line":9,"column":5}},"3":{"start":{"line":10,"column":9},"end":{"line":16,"column":3}},"4":{"start":{"line":11,"column":4},"end":{"line":15,"column":5}},"5":{"start":{"line":17,"column":2},"end":{"line":17,"column":13}}},"fnMap":{"0":{"name":"(anonymous_0)","decl":{"start":{"line":3,"column":21},"end":{"line":3,"column":22}},"loc":{"start":{"line":3,"column":45},"end":{"line":18,"column":1}},"line":3}},"branchMap":{"0":{"loc":{"start":{"line":4,"column":2},"end":{"line":16,"column":3}},"type":"if","locations":[{"start":{"line":4,"column":2},"end":{"line":16,"column":3}},{"start":{"line":4,"column":2},"end":{"line":16,"column":3}}],"line":4},"1":{"loc":{"start":{"line":10,"column":9},"end":{"line":16,"column":3}},"type":"if","locations":[{"start":{"line":10,"column":9},"end":{"line":16,"column":3}},{"start":{"line":10,"column":9},"end":{"line":16,"column":3}}],"line":10}},"s":{"0":1,"1":4,"2":0,"3":4,"4":0,"5":4},"f":{"0":4},"b":{"0":[0,4],"1":[0,4]},"_coverageSchema":"332fd63041d2c1bcb487cc26dd0d5f7d97098a6c","hash":"6c9ab15b1165afb2ea885d4f054940595a29227d"}
,"/home/ritakosk/fso/bloglist-frontend/src/components/SimpleBlog.js": {"path":"/home/ritakosk/fso/bloglist-frontend/src/components/SimpleBlog.js","statementMap":{"0":{"start":{"line":3,"column":19},"end":{"line":13,"column":1}},"1":{"start":{"line":4,"column":2},"end":{"line":12,"column":8}}},"fnMap":{"0":{"name":"(anonymous_0)","decl":{"start":{"line":3,"column":19},"end":{"line":3,"column":20}},"loc":{"start":{"line":4,"column":2},"end":{"line":12,"column":8}},"line":4}},"branchMap":{},"s":{"0":1,"1":2},"f":{"0":2},"b":{},"_coverageSchema":"332fd63041d2c1bcb487cc26dd0d5f7d97098a6c","hash":"94cc2ddc291271c92d7f757114103f3c9ac1feb1"}
,"/home/ritakosk/fso/bloglist-frontend/src/components/Togglable.js": {"path":"/home/ritakosk/fso/bloglist-frontend/src/components/Togglable.js","statementMap":{"0":{"start":{"line":6,"column":4},"end":{"line":6,"column":16}},"1":{"start":{"line":7,"column":4},"end":{"line":9,"column":5}},"2":{"start":{"line":17,"column":4},"end":{"line":17,"column":51}},"3":{"start":{"line":21,"column":28},"end":{"line":21,"column":72}},"4":{"start":{"line":22,"column":28},"end":{"line":22,"column":72}},"5":{"start":{"line":24,"column":4},"end":{"line":34,"column":5}}},"fnMap":{"0":{"name":"(anonymous_0)","decl":{"start":{"line":5,"column":2},"end":{"line":5,"column":3}},"loc":{"start":{"line":5,"column":21},"end":{"line":10,"column":3}},"line":5},"1":{"name":"(anonymous_1)","decl":{"start":{"line":16,"column":21},"end":{"line":16,"column":22}},"loc":{"start":{"line":16,"column":27},"end":{"line":18,"column":3}},"line":16},"2":{"name":"(anonymous_2)","decl":{"start":{"line":20,"column":2},"end":{"line":20,"column":3}},"loc":{"start":{"line":20,"column":11},"end":{"line":35,"column":3}},"line":20}},"branchMap":{"0":{"loc":{"start":{"line":21,"column":39},"end":{"line":21,"column":71}},"type":"cond-expr","locations":[{"start":{"line":21,"column":60},"end":{"line":21,"column":66}},{"start":{"line":21,"column":69},"end":{"line":21,"column":71}}],"line":21},"1":{"loc":{"start":{"line":22,"column":39},"end":{"line":22,"column":71}},"type":"cond-expr","locations":[{"start":{"line":22,"column":60},"end":{"line":22,"column":62}},{"start":{"line":22,"column":65},"end":{"line":22,"column":71}}],"line":22}},"s":{"0":1,"1":1,"2":0,"3":1,"4":1,"5":1},"f":{"0":1,"1":0,"2":1},"b":{"0":[0,1],"1":[0,1]},"_coverageSchema":"332fd63041d2c1bcb487cc26dd0d5f7d97098a6c","hash":"d9920de868fb098b32703d064192c1e2bcf7b138"}
,"/home/ritakosk/fso/bloglist-frontend/src/services/blogs.js": {"path":"/home/ritakosk/fso/bloglist-frontend/src/services/blogs.js","statementMap":{"0":{"start":{"line":1,"column":0},"end":{"line":null,"column":-1}},"1":{"start":{"line":2,"column":16},"end":{"line":2,"column":0}},"2":{"start":{"line":4,"column":12},"end":{"line":4,"column":0}},"3":{"start":{"line":6,"column":15},"end":{"line":6,"column":0}},"4":{"start":{"line":7,"column":18},"end":{"line":7,"column":2}},"5":{"start":{"line":8,"column":2},"end":{"line":null,"column":-1}},"6":{"start":{"line":8,"column":34},"end":{"line":8,"column":9}},"7":{"start":{"line":11,"column":18},"end":{"line":11,"column":0}},"8":{"start":{"line":12,"column":2},"end":{"line":null,"column":-1}},"9":{"start":{"line":15,"column":15},"end":{"line":15,"column":0}},"10":{"start":{"line":16,"column":17},"end":{"line":16,"column":2}},"11":{"start":{"line":20,"column":19},"end":{"line":20,"column":2}},"12":{"start":{"line":21,"column":2},"end":{"line":null,"column":-1}},"13":{"start":{"line":24,"column":15},"end":{"line":24,"column":0}},"14":{"start":{"line":25,"column":17},"end":{"line":25,"column":2}},"15":{"start":{"line":29,"column":19},"end":{"line":29,"column":2}},"16":{"start":{"line":30,"column":2},"end":{"line":null,"column":-1}},"17":{"start":{"line":33,"column":15},"end":{"line":33,"column":0}},"18":{"start":{"line":34,"column":17},"end":{"line":34,"column":2}},"19":{"start":{"line":38,"column":19},"end":{"line":38,"column":2}},"20":{"start":{"line":39,"column":2},"end":{"line":null,"column":-1}}},"fnMap":{"0":{"name":"(anonymous_0)","decl":{"start":{"line":6,"column":15},"end":{"line":6,"column":20}},"loc":{"start":{"line":6,"column":21},"end":{"line":6,"column":0}}},"1":{"name":"(anonymous_1)","decl":{"start":{"line":8,"column":22},"end":{"line":8,"column":29}},"loc":{"start":{"line":8,"column":34},"end":{"line":8,"column":9}}},"2":{"name":"(anonymous_2)","decl":{"start":{"line":11,"column":18},"end":{"line":11,"column":16}},"loc":{"start":{"line":11,"column":31},"end":{"line":11,"column":0}}},"3":{"name":"(anonymous_3)","decl":{"start":{"line":15,"column":15},"end":{"line":15,"column":21}},"loc":{"start":{"line":15,"column":34},"end":{"line":15,"column":0}}},"4":{"name":"(anonymous_4)","decl":{"start":{"line":24,"column":15},"end":{"line":24,"column":21}},"loc":{"start":{"line":24,"column":42},"end":{"line":24,"column":0}}},"5":{"name":"(anonymous_5)","decl":{"start":{"line":33,"column":15},"end":{"line":33,"column":21}},"loc":{"start":{"line":33,"column":29},"end":{"line":33,"column":0}}}},"branchMap":{},"s":{"0":0,"1":0,"2":0,"3":0,"4":0,"5":0,"6":0,"7":0,"8":0,"9":0,"10":0,"11":0,"12":0,"13":0,"14":0,"15":0,"16":0,"17":0,"18":0,"19":0,"20":0},"f":{"0":0,"1":0,"2":0,"3":0,"4":0,"5":0},"b":{}}
,"/home/ritakosk/fso/bloglist-frontend/src/services/login.js": {"path":"/home/ritakosk/fso/bloglist-frontend/src/services/login.js","statementMap":{"0":{"start":{"line":2,"column":16},"end":{"line":2,"column":28}},"1":{"start":{"line":4,"column":14},"end":{"line":7,"column":1}},"2":{"start":{"line":5,"column":14},"end":{"line":5,"column":46}},"3":{"start":{"line":6,"column":2},"end":{"line":6,"column":17}}},"fnMap":{"0":{"name":"(anonymous_0)","decl":{"start":{"line":4,"column":14},"end":{"line":4,"column":15}},"loc":{"start":{"line":4,"column":31},"end":{"line":7,"column":1}},"line":4}},"branchMap":{},"s":{"0":1,"1":1,"2":0,"3":0},"f":{"0":0},"b":{},"_coverageSchema":"332fd63041d2c1bcb487cc26dd0d5f7d97098a6c","hash":"0cc696bb9d80f34697459d3e404bd667f59ff7f1"}
}
