TN:
SF:/home/ritakosk/fso/bloglist-frontend/src/App.js
FN:11,(anonymous_0)
FN:26,(anonymous_1)
FN:27,(anonymous_2)
FN:39,(anonymous_3)
FN:43,(anonymous_4)
FN:56,(anonymous_5)
FN:63,(anonymous_6)
FN:69,(anonymous_7)
FN:73,(anonymous_8)
FN:77,(anonymous_9)
FN:84,(anonymous_10)
FN:90,(anonymous_11)
FN:101,(anonymous_12)
FN:108,(anonymous_13)
FN:114,(anonymous_14)
FN:126,(anonymous_15)
FN:133,(anonymous_16)
FN:139,(anonymous_17)
FN:147,(anonymous_18)
FN:189,(anonymous_19)
FN:199,(anonymous_20)
FN:199,(anonymous_21)
FNF:22
FNH:7
FNDA:2,(anonymous_0)
FNDA:2,(anonymous_1)
FNDA:2,(anonymous_2)
FNDA:0,(anonymous_3)
FNDA:0,(anonymous_4)
FNDA:0,(anonymous_5)
FNDA:0,(anonymous_6)
FNDA:0,(anonymous_7)
FNDA:0,(anonymous_8)
FNDA:0,(anonymous_9)
FNDA:0,(anonymous_10)
FNDA:0,(anonymous_11)
FNDA:0,(anonymous_12)
FNDA:0,(anonymous_13)
FNDA:0,(anonymous_14)
FNDA:0,(anonymous_15)
FNDA:0,(anonymous_16)
FNDA:0,(anonymous_17)
FNDA:4,(anonymous_18)
FNDA:1,(anonymous_19)
FNDA:5,(anonymous_20)
FNDA:4,(anonymous_21)
DA:12,2
DA:13,2
DA:27,2
DA:28,2
DA:31,2
DA:32,2
DA:33,0
DA:34,0
DA:35,0
DA:40,0
DA:44,0
DA:45,0
DA:46,0
DA:47,0
DA:53,0
DA:54,0
DA:55,0
DA:56,0
DA:57,0
DA:60,0
DA:63,0
DA:64,0
DA:70,0
DA:71,0
DA:72,0
DA:73,0
DA:74,0
DA:77,0
DA:78,0
DA:81,0
DA:84,0
DA:85,0
DA:91,0
DA:92,0
DA:100,0
DA:101,0
DA:102,0
DA:105,0
DA:108,0
DA:109,0
DA:115,0
DA:116,0
DA:117,0
DA:121,0
DA:122,0
DA:123,0
DA:125,0
DA:126,0
DA:127,0
DA:130,0
DA:133,0
DA:134,0
DA:140,0
DA:141,0
DA:148,4
DA:150,4
DA:151,3
DA:181,1
DA:189,1
DA:199,5
DA:200,4
LF:61
LH:13
BRDA:32,0,0,0
BRDA:32,0,1,2
BRDA:150,1,0,3
BRDA:150,1,1,1
BRF:4
BRH:3
end_of_record
TN:
SF:/home/ritakosk/fso/bloglist-frontend/src/index.js
FNF:0
FNH:0
DA:1,0
DA:2,0
DA:3,0
DA:5,0
LF:4
LH:0
BRF:0
BRH:0
end_of_record
TN:
SF:/home/ritakosk/fso/bloglist-frontend/src/setupTests.js
FN:9,(anonymous_0)
FN:12,(anonymous_1)
FNF:2
FNH:0
FNDA:0,(anonymous_0)
FNDA:0,(anonymous_1)
DA:4,3
DA:6,3
DA:8,3
DA:10,0
DA:12,0
DA:16,3
LF:6
LH:4
BRF:0
BRH:0
end_of_record
TN:
SF:/home/ritakosk/fso/bloglist-frontend/src/components/Blog.js
FN:5,(anonymous_0)
FN:19,(anonymous_1)
FN:25,(anonymous_2)
FN:34,(anonymous_3)
FN:41,(anonymous_4)
FNF:5
FNH:3
FNDA:7,(anonymous_0)
FNDA:1,(anonymous_1)
FNDA:0,(anonymous_2)
FNDA:0,(anonymous_3)
FNDA:8,(anonymous_4)
DA:6,7
DA:7,7
DA:20,1
DA:26,0
DA:27,0
DA:28,0
DA:31,0
DA:35,0
DA:36,0
DA:37,0
DA:42,8
DA:50,8
DA:52,8
DA:54,8
DA:56,8
LF:15
LH:8
BRDA:36,0,0,0
BRDA:36,0,1,0
BRDA:50,1,0,1
BRDA:50,1,1,7
BRDA:52,2,0,7
BRDA:52,2,1,1
BRDA:54,3,0,1
BRDA:54,3,1,7
BRDA:54,4,0,8
BRDA:54,4,1,7
BRF:10
BRH:8
end_of_record
TN:
SF:/home/ritakosk/fso/bloglist-frontend/src/components/BlogForm.js
FN:4,(anonymous_0)
FNF:1
FNH:1
FNDA:1,(anonymous_0)
DA:4,1
DA:5,1
DA:43,1
LF:3
LH:3
BRF:0
BRH:0
end_of_record
TN:
SF:/home/ritakosk/fso/bloglist-frontend/src/components/Notification.js
FN:3,(anonymous_0)
FNF:1
FNH:1
FNDA:4,(anonymous_0)
DA:3,1
DA:4,4
DA:5,0
DA:10,4
DA:11,0
DA:17,4
LF:6
LH:4
BRDA:4,0,0,0
BRDA:4,0,1,4
BRDA:10,1,0,0
BRDA:10,1,1,4
BRF:4
BRH:2
end_of_record
TN:
SF:/home/ritakosk/fso/bloglist-frontend/src/components/SimpleBlog.js
FN:3,(anonymous_0)
FNF:1
FNH:1
FNDA:2,(anonymous_0)
DA:3,1
DA:4,2
LF:2
LH:2
BRF:0
BRH:0
end_of_record
TN:
SF:/home/ritakosk/fso/bloglist-frontend/src/components/Togglable.js
FN:5,(anonymous_0)
FN:16,(anonymous_1)
FN:20,(anonymous_2)
FNF:3
FNH:2
FNDA:1,(anonymous_0)
FNDA:0,(anonymous_1)
FNDA:1,(anonymous_2)
DA:6,1
DA:7,1
DA:17,0
DA:21,1
DA:22,1
DA:24,1
LF:6
LH:5
BRDA:21,0,0,0
BRDA:21,0,1,1
BRDA:22,1,0,0
BRDA:22,1,1,1
BRF:4
BRH:2
end_of_record
TN:
SF:/home/ritakosk/fso/bloglist-frontend/src/services/blogs.js
FN:6,(anonymous_0)
FN:8,(anonymous_1)
FN:11,(anonymous_2)
FN:15,(anonymous_3)
FN:24,(anonymous_4)
FN:33,(anonymous_5)
FNF:6
FNH:0
FNDA:0,(anonymous_0)
FNDA:0,(anonymous_1)
FNDA:0,(anonymous_2)
FNDA:0,(anonymous_3)
FNDA:0,(anonymous_4)
FNDA:0,(anonymous_5)
DA:1,0
DA:2,0
DA:4,0
DA:6,0
DA:7,0
DA:8,0
DA:11,0
DA:12,0
DA:15,0
DA:16,0
DA:20,0
DA:21,0
DA:24,0
DA:25,0
DA:29,0
DA:30,0
DA:33,0
DA:34,0
DA:38,0
DA:39,0
LF:20
LH:0
BRF:0
BRH:0
end_of_record
TN:
SF:/home/ritakosk/fso/bloglist-frontend/src/services/login.js
FN:4,(anonymous_0)
FNF:1
FNH:0
FNDA:0,(anonymous_0)
DA:2,1
DA:4,1
DA:5,0
DA:6,0
LF:4
LH:2
BRF:0
BRH:0
end_of_record
